# JRE version: Java(TM) SE Runtime Environment (23.0.1+11) (build 23.0.1+11-39)
# Java VM: Java HotSpot(TM) 64-Bit Server VM (23.0.1+11-39, mixed mode, sharing, tiered, compressed oops, compressed class ptrs, g1 gc, windows-amd64)
GC Precious Log:
 CardTable entry size: 512
 Card Set container configuration: InlinePtr #cards 5 size 8 Array Of Cards #cards 10 size 36 Howl #buckets 4 coarsen threshold 1843 Howl Bitmap #cards 512 size 80 coarsen threshold 460 Card regions per heap region 1 cards per card region 2048
 CPUs: 4 total, 4 available
 Memory: 7834M
 Large Page Support: Disabled
 NUMA Support: Disabled
 Compressed Oops: Enabled (32-bit)
 Heap Region Size: 1M
 Heap Min Capacity: 8M
 Heap Initial Capacity: 124M
 Heap Max Capacity: 1960M
 Pre-touch: Disabled
 Parallel Workers: 4
 Concurrent Workers: 1
 Concurrent Refinement Workers: 4
 Periodic GC: Disabled
Heap:
 garbage-first heap   total reserved 2007040K, committed 126976K, used 46080K [0x0000000085800000, 0x0000000100000000)
  region size 1024K, 30 young (30720K), 4 survivors (4096K)
 Metaspace       used 21083K, committed 21440K, reserved 1114112K
  class space    used 2571K, committed 2688K, reserved 1048576K
GC Heap History (10 events):
Event: 0.679 GC heap before
{Heap before GC invocations=0 (full 0):
 garbage-first heap   total reserved 2007040K, committed 126976K, used 14336K [0x0000000085800000, 0x0000000100000000)
  region size 1024K, 14 young (14336K), 0 survivors (0K)
 Metaspace       used 4286K, committed 4480K, reserved 1114112K
  class space    used 477K, committed 576K, reserved 1048576K
}
Event: 0.688 GC heap after
{Heap after GC invocations=1 (full 0):
 garbage-first heap   total reserved 2007040K, committed 126976K, used 3407K [0x0000000085800000, 0x0000000100000000)
  region size 1024K, 2 young (2048K), 2 survivors (2048K)
 Metaspace       used 4286K, committed 4480K, reserved 1114112K
  class space    used 477K, committed 576K, reserved 1048576K
}
Event: 1.057 GC heap before
{Heap before GC invocations=1 (full 0):
 garbage-first heap   total reserved 2007040K, committed 126976K, used 15695K [0x0000000085800000, 0x0000000100000000)
  region size 1024K, 15 young (15360K), 2 survivors (2048K)
 Metaspace       used 6211K, committed 6400K, reserved 1114112K
  class space    used 766K, committed 896K, reserved 1048576K
}
Event: 1.063 GC heap after
{Heap after GC invocations=2 (full 0):
 garbage-first heap   total reserved 2007040K, committed 126976K, used 4435K [0x0000000085800000, 0x0000000100000000)
  region size 1024K, 1 young (1024K), 1 survivors (1024K)
 Metaspace       used 6211K, committed 6400K, reserved 1114112K
  class space    used 766K, committed 896K, reserved 1048576K
}
Event: 1.967 GC heap before
{Heap before GC invocations=2 (full 0):
 garbage-first heap   total reserved 2007040K, committed 126976K, used 37203K [0x0000000085800000, 0x0000000100000000)
  region size 1024K, 34 young (34816K), 1 survivors (1024K)
 Metaspace       used 11808K, committed 12032K, reserved 1114112K
  class space    used 1475K, committed 1600K, reserved 1048576K
}
Event: 1.974 GC heap after
{Heap after GC invocations=3 (full 0):
 garbage-first heap   total reserved 2007040K, committed 126976K, used 6669K [0x0000000085800000, 0x0000000100000000)
  region size 1024K, 3 young (3072K), 3 survivors (3072K)
 Metaspace       used 11808K, committed 12032K, reserved 1114112K
  class space    used 1475K, committed 1600K, reserved 1048576K
}
Event: 5.347 GC heap before
{Heap before GC invocations=3 (full 0):
 garbage-first heap   total reserved 2007040K, committed 126976K, used 45581K [0x0000000085800000, 0x0000000100000000)
  region size 1024K, 41 young (41984K), 3 survivors (3072K)
 Metaspace       used 15495K, committed 15680K, reserved 1114112K
  class space    used 1895K, committed 1984K, reserved 1048576K
}
Event: 5.371 GC heap after
{Heap after GC invocations=4 (full 0):
 garbage-first heap   total reserved 2007040K, committed 126976K, used 11995K [0x0000000085800000, 0x0000000100000000)
  region size 1024K, 6 young (6144K), 6 survivors (6144K)
 Metaspace       used 15495K, committed 15680K, reserved 1114112K
  class space    used 1895K, committed 1984K, reserved 1048576K
}
Event: 7.207 GC heap before
{Heap before GC invocations=4 (full 0):
 garbage-first heap   total reserved 2007040K, committed 126976K, used 47835K [0x0000000085800000, 0x0000000100000000)
  region size 1024K, 41 young (41984K), 6 survivors (6144K)
 Metaspace       used 17215K, committed 17600K, reserved 1114112K
  class space    used 2092K, committed 2240K, reserved 1048576K
}
Event: 7.229 GC heap after
{Heap after GC invocations=5 (full 0):
 garbage-first heap   total reserved 2007040K, committed 126976K, used 16384K [0x0000000085800000, 0x0000000100000000)
  region size 1024K, 4 young (4096K), 4 survivors (4096K)
 Metaspace       used 17215K, committed 17600K, reserved 1114112K
  class space    used 2092K, committed 2240K, reserved 1048576K
}

