# JRE version: OpenJDK Runtime Environment Temurin-17.0.4.1+1 (17.0.4.1+1) (build 17.0.4.1+1)
# Java VM: OpenJDK 64-Bit Server VM Temurin-17.0.4.1+1 (17.0.4.1+1, mixed mode, tiered, compressed oops, compressed class ptrs, parallel gc, windows-amd64)
GC Precious Log:
 CPUs: 4 total, 4 available
 Memory: 16167M
 Large Page Support: Disabled
 NUMA Support: Disabled
 Compressed Oops: Enabled (32-bit)
 Alignments: Space 512K, Generation 512K, Heap 2M
 Heap Min Capacity: 100M
 Heap Initial Capacity: 100M
 Heap Max Capacity: 1G
 Pre-touch: Disabled
 Parallel Workers: 4
Heap:
 PSYoungGen      total 25600K, used 23713K [0x00000000eab00000, 0x00000000ecd00000, 0x0000000100000000)
  eden space 16384K, 90% used [0x00000000eab00000,0x00000000eb97e4c0,0x00000000ebb00000)
  from space 9216K, 96% used [0x00000000ebb00000,0x00000000ec3aa310,0x00000000ec400000)
  to   space 9216K, 0% used [0x00000000ec400000,0x00000000ec400000,0x00000000ecd00000)
 ParOldGen       total 118272K, used 107406K [0x00000000c0000000, 0x00000000c7380000, 0x00000000eab00000)
  object space 118272K, 90% used [0x00000000c0000000,0x00000000c68e3828,0x00000000c7380000)
 Metaspace       used 67539K, committed 68672K, reserved 1114112K
  class space    used 6878K, committed 7360K, reserved 1048576K
GC Heap History (20 events):
Event: 76.059 GC heap before
{Heap before GC invocations=90 (full 7):
 PSYoungGen      total 22528K, used 22502K [0x00000000eab00000, 0x00000000ec400000, 0x0000000100000000)
  eden space 20480K, 100% used [0x00000000eab00000,0x00000000ebf00000,0x00000000ebf00000)
  from space 2048K, 98% used [0x00000000ebf00000,0x00000000ec0f9998,0x00000000ec100000)
  to   space 2560K, 0% used [0x00000000ec180000,0x00000000ec180000,0x00000000ec400000)
 ParOldGen       total 118272K, used 100733K [0x00000000c0000000, 0x00000000c7380000, 0x00000000eab00000)
  object space 118272K, 85% used [0x00000000c0000000,0x00000000c625f4f0,0x00000000c7380000)
 Metaspace       used 66537K, committed 67712K, reserved 1114112K
  class space    used 6787K, committed 7296K, reserved 1048576K
}
Event: 76.062 GC heap after
{Heap after GC invocations=90 (full 7):
 PSYoungGen      total 23040K, used 2139K [0x00000000eab00000, 0x00000000ec400000, 0x0000000100000000)
  eden space 20480K, 0% used [0x00000000eab00000,0x00000000eab00000,0x00000000ebf00000)
  from space 2560K, 83% used [0x00000000ec180000,0x00000000ec396ee8,0x00000000ec400000)
  to   space 2560K, 0% used [0x00000000ebf00000,0x00000000ebf00000,0x00000000ec180000)
 ParOldGen       total 118272K, used 100741K [0x00000000c0000000, 0x00000000c7380000, 0x00000000eab00000)
  object space 118272K, 85% used [0x00000000c0000000,0x00000000c62614f0,0x00000000c7380000)
 Metaspace       used 66537K, committed 67712K, reserved 1114112K
  class space    used 6787K, committed 7296K, reserved 1048576K
}
Event: 77.991 GC heap before
{Heap before GC invocations=91 (full 7):
 PSYoungGen      total 23040K, used 22619K [0x00000000eab00000, 0x00000000ec400000, 0x0000000100000000)
  eden space 20480K, 100% used [0x00000000eab00000,0x00000000ebf00000,0x00000000ebf00000)
  from space 2560K, 83% used [0x00000000ec180000,0x00000000ec396ee8,0x00000000ec400000)
  to   space 2560K, 0% used [0x00000000ebf00000,0x00000000ebf00000,0x00000000ec180000)
 ParOldGen       total 118272K, used 100741K [0x00000000c0000000, 0x00000000c7380000, 0x00000000eab00000)
  object space 118272K, 85% used [0x00000000c0000000,0x00000000c62614f0,0x00000000c7380000)
 Metaspace       used 66630K, committed 67776K, reserved 1114112K
  class space    used 6789K, committed 7296K, reserved 1048576K
}
Event: 77.996 GC heap after
{Heap after GC invocations=91 (full 7):
 PSYoungGen      total 23040K, used 2458K [0x00000000eab00000, 0x00000000ec400000, 0x0000000100000000)
  eden space 20480K, 0% used [0x00000000eab00000,0x00000000eab00000,0x00000000ebf00000)
  from space 2560K, 96% used [0x00000000ebf00000,0x00000000ec166a70,0x00000000ec180000)
  to   space 2560K, 0% used [0x00000000ec180000,0x00000000ec180000,0x00000000ec400000)
 ParOldGen       total 118272K, used 100749K [0x00000000c0000000, 0x00000000c7380000, 0x00000000eab00000)
  object space 118272K, 85% used [0x00000000c0000000,0x00000000c62634f0,0x00000000c7380000)
 Metaspace       used 66630K, committed 67776K, reserved 1114112K
  class space    used 6789K, committed 7296K, reserved 1048576K
}
Event: 79.788 GC heap before
{Heap before GC invocations=92 (full 7):
 PSYoungGen      total 23040K, used 22938K [0x00000000eab00000, 0x00000000ec400000, 0x0000000100000000)
  eden space 20480K, 100% used [0x00000000eab00000,0x00000000ebf00000,0x00000000ebf00000)
  from space 2560K, 96% used [0x00000000ebf00000,0x00000000ec166a70,0x00000000ec180000)
  to   space 2560K, 0% used [0x00000000ec180000,0x00000000ec180000,0x00000000ec400000)
 ParOldGen       total 118272K, used 100749K [0x00000000c0000000, 0x00000000c7380000, 0x00000000eab00000)
  object space 118272K, 85% used [0x00000000c0000000,0x00000000c62634f0,0x00000000c7380000)
 Metaspace       used 66667K, committed 67840K, reserved 1114112K
  class space    used 6791K, committed 7296K, reserved 1048576K
}
Event: 79.791 GC heap after
{Heap after GC invocations=92 (full 7):
 PSYoungGen      total 23040K, used 2310K [0x00000000eab00000, 0x00000000ec400000, 0x0000000100000000)
  eden space 20480K, 0% used [0x00000000eab00000,0x00000000eab00000,0x00000000ebf00000)
  from space 2560K, 90% used [0x00000000ec180000,0x00000000ec3c1978,0x00000000ec400000)
  to   space 2560K, 0% used [0x00000000ebf00000,0x00000000ebf00000,0x00000000ec180000)
 ParOldGen       total 118272K, used 100757K [0x00000000c0000000, 0x00000000c7380000, 0x00000000eab00000)
  object space 118272K, 85% used [0x00000000c0000000,0x00000000c62654f0,0x00000000c7380000)
 Metaspace       used 66667K, committed 67840K, reserved 1114112K
  class space    used 6791K, committed 7296K, reserved 1048576K
}
Event: 85.174 GC heap before
{Heap before GC invocations=93 (full 7):
 PSYoungGen      total 23040K, used 22790K [0x00000000eab00000, 0x00000000ec400000, 0x0000000100000000)
  eden space 20480K, 100% used [0x00000000eab00000,0x00000000ebf00000,0x00000000ebf00000)
  from space 2560K, 90% used [0x00000000ec180000,0x00000000ec3c1978,0x00000000ec400000)
  to   space 2560K, 0% used [0x00000000ebf00000,0x00000000ebf00000,0x00000000ec180000)
 ParOldGen       total 118272K, used 100757K [0x00000000c0000000, 0x00000000c7380000, 0x00000000eab00000)
  object space 118272K, 85% used [0x00000000c0000000,0x00000000c62654f0,0x00000000c7380000)
 Metaspace       used 66671K, committed 67840K, reserved 1114112K
  class space    used 6791K, committed 7296K, reserved 1048576K
}
Event: 85.178 GC heap after
{Heap after GC invocations=93 (full 7):
 PSYoungGen      total 23040K, used 2557K [0x00000000eab00000, 0x00000000ecc00000, 0x0000000100000000)
  eden space 20480K, 0% used [0x00000000eab00000,0x00000000eab00000,0x00000000ebf00000)
  from space 2560K, 99% used [0x00000000ebf00000,0x00000000ec17f560,0x00000000ec180000)
  to   space 6656K, 0% used [0x00000000ec580000,0x00000000ec580000,0x00000000ecc00000)
 ParOldGen       total 118272K, used 104155K [0x00000000c0000000, 0x00000000c7380000, 0x00000000eab00000)
  object space 118272K, 88% used [0x00000000c0000000,0x00000000c65b6c50,0x00000000c7380000)
 Metaspace       used 66671K, committed 67840K, reserved 1114112K
  class space    used 6791K, committed 7296K, reserved 1048576K
}
Event: 85.994 GC heap before
{Heap before GC invocations=94 (full 7):
 PSYoungGen      total 23040K, used 23033K [0x00000000eab00000, 0x00000000ecc00000, 0x0000000100000000)
  eden space 20480K, 99% used [0x00000000eab00000,0x00000000ebeff1f0,0x00000000ebf00000)
  from space 2560K, 99% used [0x00000000ebf00000,0x00000000ec17f560,0x00000000ec180000)
  to   space 6656K, 0% used [0x00000000ec580000,0x00000000ec580000,0x00000000ecc00000)
 ParOldGen       total 118272K, used 104155K [0x00000000c0000000, 0x00000000c7380000, 0x00000000eab00000)
  object space 118272K, 88% used [0x00000000c0000000,0x00000000c65b6c50,0x00000000c7380000)
 Metaspace       used 66698K, committed 67840K, reserved 1114112K
  class space    used 6795K, committed 7296K, reserved 1048576K
}
Event: 85.999 GC heap after
{Heap after GC invocations=94 (full 7):
 PSYoungGen      total 26624K, used 6652K [0x00000000eab00000, 0x00000000ecd00000, 0x0000000100000000)
  eden space 19968K, 0% used [0x00000000eab00000,0x00000000eab00000,0x00000000ebe80000)
  from space 6656K, 99% used [0x00000000ec580000,0x00000000ecbff0f0,0x00000000ecc00000)
  to   space 7168K, 0% used [0x00000000ebe80000,0x00000000ebe80000,0x00000000ec580000)
 ParOldGen       total 118272K, used 104267K [0x00000000c0000000, 0x00000000c7380000, 0x00000000eab00000)
  object space 118272K, 88% used [0x00000000c0000000,0x00000000c65d2c50,0x00000000c7380000)
 Metaspace       used 66698K, committed 67840K, reserved 1114112K
  class space    used 6795K, committed 7296K, reserved 1048576K
}
Event: 99.070 GC heap before
{Heap before GC invocations=95 (full 7):
 PSYoungGen      total 26624K, used 26620K [0x00000000eab00000, 0x00000000ecd00000, 0x0000000100000000)
  eden space 19968K, 100% used [0x00000000eab00000,0x00000000ebe80000,0x00000000ebe80000)
  from space 6656K, 99% used [0x00000000ec580000,0x00000000ecbff0f0,0x00000000ecc00000)
  to   space 7168K, 0% used [0x00000000ebe80000,0x00000000ebe80000,0x00000000ec580000)
 ParOldGen       total 118272K, used 104267K [0x00000000c0000000, 0x00000000c7380000, 0x00000000eab00000)
  object space 118272K, 88% used [0x00000000c0000000,0x00000000c65d2c50,0x00000000c7380000)
 Metaspace       used 66803K, committed 67968K, reserved 1114112K
  class space    used 6806K, committed 7296K, reserved 1048576K
}
Event: 99.074 GC heap after
{Heap after GC invocations=95 (full 7):
 PSYoungGen      total 27136K, used 7167K [0x00000000eab00000, 0x00000000ecd80000, 0x0000000100000000)
  eden space 19968K, 0% used [0x00000000eab00000,0x00000000eab00000,0x00000000ebe80000)
  from space 7168K, 99% used [0x00000000ebe80000,0x00000000ec57fe88,0x00000000ec580000)
  to   space 7680K, 0% used [0x00000000ec600000,0x00000000ec600000,0x00000000ecd80000)
 ParOldGen       total 118272K, used 104579K [0x00000000c0000000, 0x00000000c7380000, 0x00000000eab00000)
  object space 118272K, 88% used [0x00000000c0000000,0x00000000c6620c50,0x00000000c7380000)
 Metaspace       used 66803K, committed 67968K, reserved 1114112K
  class space    used 6806K, committed 7296K, reserved 1048576K
}
Event: 99.925 GC heap before
{Heap before GC invocations=96 (full 7):
 PSYoungGen      total 27136K, used 27135K [0x00000000eab00000, 0x00000000ecd80000, 0x0000000100000000)
  eden space 19968K, 100% used [0x00000000eab00000,0x00000000ebe80000,0x00000000ebe80000)
  from space 7168K, 99% used [0x00000000ebe80000,0x00000000ec57fe88,0x00000000ec580000)
  to   space 7680K, 0% used [0x00000000ec600000,0x00000000ec600000,0x00000000ecd80000)
 ParOldGen       total 118272K, used 104579K [0x00000000c0000000, 0x00000000c7380000, 0x00000000eab00000)
  object space 118272K, 88% used [0x00000000c0000000,0x00000000c6620c50,0x00000000c7380000)
 Metaspace       used 66924K, committed 68032K, reserved 1114112K
  class space    used 6811K, committed 7296K, reserved 1048576K
}
Event: 99.930 GC heap after
{Heap after GC invocations=96 (full 7):
 PSYoungGen      total 24064K, used 7655K [0x00000000eab00000, 0x00000000ed480000, 0x0000000100000000)
  eden space 16384K, 0% used [0x00000000eab00000,0x00000000eab00000,0x00000000ebb00000)
  from space 7680K, 99% used [0x00000000ec600000,0x00000000ecd79c68,0x00000000ecd80000)
  to   space 11264K, 0% used [0x00000000ebb00000,0x00000000ebb00000,0x00000000ec600000)
 ParOldGen       total 118272K, used 107382K [0x00000000c0000000, 0x00000000c7380000, 0x00000000eab00000)
  object space 118272K, 90% used [0x00000000c0000000,0x00000000c68dd828,0x00000000c7380000)
 Metaspace       used 66924K, committed 68032K, reserved 1114112K
  class space    used 6811K, committed 7296K, reserved 1048576K
}
Event: 100.139 GC heap before
{Heap before GC invocations=97 (full 7):
 PSYoungGen      total 24064K, used 24039K [0x00000000eab00000, 0x00000000ed480000, 0x0000000100000000)
  eden space 16384K, 100% used [0x00000000eab00000,0x00000000ebb00000,0x00000000ebb00000)
  from space 7680K, 99% used [0x00000000ec600000,0x00000000ecd79c68,0x00000000ecd80000)
  to   space 11264K, 0% used [0x00000000ebb00000,0x00000000ebb00000,0x00000000ec600000)
 ParOldGen       total 118272K, used 107382K [0x00000000c0000000, 0x00000000c7380000, 0x00000000eab00000)
  object space 118272K, 90% used [0x00000000c0000000,0x00000000c68dd828,0x00000000c7380000)
 Metaspace       used 66964K, committed 68096K, reserved 1114112K
  class space    used 6811K, committed 7296K, reserved 1048576K
}
Event: 100.145 GC heap after
{Heap after GC invocations=97 (full 7):
 PSYoungGen      total 25088K, used 8476K [0x00000000eab00000, 0x00000000ecd00000, 0x0000000100000000)
  eden space 16384K, 0% used [0x00000000eab00000,0x00000000eab00000,0x00000000ebb00000)
  from space 8704K, 97% used [0x00000000ebb00000,0x00000000ec347300,0x00000000ec380000)
  to   space 9216K, 0% used [0x00000000ec400000,0x00000000ec400000,0x00000000ecd00000)
 ParOldGen       total 118272K, used 107406K [0x00000000c0000000, 0x00000000c7380000, 0x00000000eab00000)
  object space 118272K, 90% used [0x00000000c0000000,0x00000000c68e3828,0x00000000c7380000)
 Metaspace       used 66964K, committed 68096K, reserved 1114112K
  class space    used 6811K, committed 7296K, reserved 1048576K
}
Event: 100.345 GC heap before
{Heap before GC invocations=98 (full 7):
 PSYoungGen      total 25088K, used 24860K [0x00000000eab00000, 0x00000000ecd00000, 0x0000000100000000)
  eden space 16384K, 100% used [0x00000000eab00000,0x00000000ebb00000,0x00000000ebb00000)
  from space 8704K, 97% used [0x00000000ebb00000,0x00000000ec347300,0x00000000ec380000)
  to   space 9216K, 0% used [0x00000000ec400000,0x00000000ec400000,0x00000000ecd00000)
 ParOldGen       total 118272K, used 107406K [0x00000000c0000000, 0x00000000c7380000, 0x00000000eab00000)
  object space 118272K, 90% used [0x00000000c0000000,0x00000000c68e3828,0x00000000c7380000)
 Metaspace       used 66988K, committed 68096K, reserved 1114112K
  class space    used 6811K, committed 7296K, reserved 1048576K
}
Event: 100.350 GC heap after
{Heap after GC invocations=98 (full 7):
 PSYoungGen      total 25600K, used 8834K [0x00000000eab00000, 0x00000000ecd00000, 0x0000000100000000)
  eden space 16384K, 0% used [0x00000000eab00000,0x00000000eab00000,0x00000000ebb00000)
  from space 9216K, 95% used [0x00000000ec400000,0x00000000ecca0a38,0x00000000ecd00000)
  to   space 9216K, 0% used [0x00000000ebb00000,0x00000000ebb00000,0x00000000ec400000)
 ParOldGen       total 118272K, used 107406K [0x00000000c0000000, 0x00000000c7380000, 0x00000000eab00000)
  object space 118272K, 90% used [0x00000000c0000000,0x00000000c68e3828,0x00000000c7380000)
 Metaspace       used 66988K, committed 68096K, reserved 1114112K
  class space    used 6811K, committed 7296K, reserved 1048576K
}
Event: 107.769 GC heap before
{Heap before GC invocations=99 (full 7):
 PSYoungGen      total 25600K, used 25218K [0x00000000eab00000, 0x00000000ecd00000, 0x0000000100000000)
  eden space 16384K, 100% used [0x00000000eab00000,0x00000000ebb00000,0x00000000ebb00000)
  from space 9216K, 95% used [0x00000000ec400000,0x00000000ecca0a38,0x00000000ecd00000)
  to   space 9216K, 0% used [0x00000000ebb00000,0x00000000ebb00000,0x00000000ec400000)
 ParOldGen       total 118272K, used 107406K [0x00000000c0000000, 0x00000000c7380000, 0x00000000eab00000)
  object space 118272K, 90% used [0x00000000c0000000,0x00000000c68e3828,0x00000000c7380000)
 Metaspace       used 67414K, committed 68544K, reserved 1114112K
  class space    used 6854K, committed 7360K, reserved 1048576K
}
Event: 107.775 GC heap after
{Heap after GC invocations=99 (full 7):
 PSYoungGen      total 25600K, used 8872K [0x00000000eab00000, 0x00000000ecd00000, 0x0000000100000000)
  eden space 16384K, 0% used [0x00000000eab00000,0x00000000eab00000,0x00000000ebb00000)
  from space 9216K, 96% used [0x00000000ebb00000,0x00000000ec3aa310,0x00000000ec400000)
  to   space 9216K, 0% used [0x00000000ec400000,0x00000000ec400000,0x00000000ecd00000)
 ParOldGen       total 118272K, used 107406K [0x00000000c0000000, 0x00000000c7380000, 0x00000000eab00000)
  object space 118272K, 90% used [0x00000000c0000000,0x00000000c68e3828,0x00000000c7380000)
 Metaspace       used 67414K, committed 68544K, reserved 1114112K
  class space    used 6854K, committed 7360K, reserved 1048576K
}

